<?xml version="1.0" encoding="UTF-8"?>
<!-- Generated by org.testng.reporters.JUnitReportReporter -->
<testsuite hostname="King" name="yy.ClickTest" tests="1" failures="0" timestamp="2 May 2017 09:10:37 GMT" time="0.000" errors="0">
  <testcase name="clickTest" time="0.000" classname="yy.ClickTest"/>
</testsuite> <!-- yy.ClickTest -->
